<?xml version="1.0" encoding="UTF-8"?>
<testsuite xmlns:xsi="http://www.w3.org/2001/XMLSchema-instance" xsi:noNamespaceSchemaLocation="https://maven.apache.org/surefire/maven-surefire-plugin/xsd/surefire-test-report.xsd" name="com.wcw.usercenter.service.UserServiceTest" time="5.321" tests="1" errors="1" skipped="0" failures="0">
  <properties>
[...]
</properties>
  <testcase name="userRegister" classname="com.wcw.usercenter.service.UserServiceTest" time="0.446">
    <error message="请求参数错误" type="com.wcw.usercenter.exception.BusinessException">com.wcw.usercenter.exception.BusinessException: 请求参数错误
	at com.wcw.usercenter.service.UserServiceTest.userRegister(UserServiceTest.java:44)
</error>
    <system-out><![CDATA[21:19:53.602 [main] DEBUG org.springframework.test.context.BootstrapUtils - Instantiating CacheAwareContextLoaderDelegate from class [org.springframework.test.context.cache.DefaultCacheAwareContextLoaderDelegate]
21:19:53.615 [main] DEBUG org.springframework.test.context.BootstrapUtils - Instantiating BootstrapContext using constructor [public org.springframework.test.context.support.DefaultBootstrapContext(java.lang.Class,org.springframework.test.context.CacheAwareContextLoaderDelegate)]
21:19:53.653 [main] DEBUG org.springframework.test.context.BootstrapUtils - Instantiating TestContextBootstrapper for test class [com.wcw.usercenter.service.UserServiceTest] from class [org.springframework.boot.test.context.SpringBootTestContextBootstrapper]
21:19:53.670 [main] INFO org.springframework.boot.test.context.SpringBootTestContextBootstrapper - Neither @ContextConfiguration nor @ContextHierarchy found for test class [com.wcw.usercenter.service.UserServiceTest], using SpringBootContextLoader
21:19:53.675 [main] DEBUG org.springframework.test.context.support.AbstractContextLoader - Did not detect default resource location for test class [com.wcw.usercenter.service.UserServiceTest]: class path resource [com/wcw/usercenter/service/UserServiceTest-context.xml] does not exist
21:19:53.675 [main] DEBUG org.springframework.test.context.support.AbstractContextLoader - Did not detect default resource location for test class [com.wcw.usercenter.service.UserServiceTest]: class path resource [com/wcw/usercenter/service/UserServiceTestContext.groovy] does not exist
21:19:53.675 [main] INFO org.springframework.test.context.support.AbstractContextLoader - Could not detect default resource locations for test class [com.wcw.usercenter.service.UserServiceTest]: no resource found for suffixes {-context.xml, Context.groovy}.
21:19:53.676 [main] INFO org.springframework.test.context.support.AnnotationConfigContextLoaderUtils - Could not detect default configuration classes for test class [com.wcw.usercenter.service.UserServiceTest]: UserServiceTest does not declare any static, non-private, non-final, nested classes annotated with @Configuration.
21:19:53.733 [main] DEBUG org.springframework.test.context.support.ActiveProfilesUtils - Could not find an 'annotation declaring class' for annotation type [org.springframework.test.context.ActiveProfiles] and class [com.wcw.usercenter.service.UserServiceTest]
21:19:53.836 [main] DEBUG org.springframework.context.annotation.ClassPathScanningCandidateComponentProvider - Identified candidate component class: file [D:\用户中心\user-center\target\classes\com\wcw\usercenter\UserCenterApplication.class]
21:19:53.837 [main] INFO org.springframework.boot.test.context.SpringBootTestContextBootstrapper - Found @SpringBootConfiguration com.wcw.usercenter.UserCenterApplication for test class com.wcw.usercenter.service.UserServiceTest
21:19:53.959 [main] DEBUG org.springframework.boot.test.context.SpringBootTestContextBootstrapper - @TestExecutionListeners is not present for class [com.wcw.usercenter.service.UserServiceTest]: using defaults.
21:19:53.959 [main] INFO org.springframework.boot.test.context.SpringBootTestContextBootstrapper - Loaded default TestExecutionListener class names from location [META-INF/spring.factories]: [org.springframework.boot.test.autoconfigure.restdocs.RestDocsTestExecutionListener, org.springframework.boot.test.autoconfigure.web.client.MockRestServiceServerResetTestExecutionListener, org.springframework.boot.test.autoconfigure.web.servlet.MockMvcPrintOnlyOnFailureTestExecutionListener, org.springframework.boot.test.autoconfigure.web.servlet.WebDriverTestExecutionListener, org.springframework.boot.test.autoconfigure.webservices.client.MockWebServiceServerTestExecutionListener, org.springframework.test.context.web.ServletTestExecutionListener, org.springframework.test.context.support.DirtiesContextBeforeModesTestExecutionListener, org.springframework.test.context.event.ApplicationEventsTestExecutionListener, org.springframework.test.context.support.DependencyInjectionTestExecutionListener, org.springframework.test.context.support.DirtiesContextTestExecutionListener, org.springframework.test.context.transaction.TransactionalTestExecutionListener, org.springframework.test.context.jdbc.SqlScriptsTestExecutionListener, org.springframework.test.context.event.EventPublishingTestExecutionListener, org.springframework.boot.test.mock.mockito.MockitoTestExecutionListener, org.springframework.boot.test.mock.mockito.ResetMocksTestExecutionListener]
21:19:53.982 [main] INFO org.springframework.boot.test.context.SpringBootTestContextBootstrapper - Using TestExecutionListeners: [org.springframework.test.context.web.ServletTestExecutionListener@6c4906d3, org.springframework.test.context.support.DirtiesContextBeforeModesTestExecutionListener@65987993, org.springframework.test.context.event.ApplicationEventsTestExecutionListener@71075444, org.springframework.boot.test.mock.mockito.MockitoTestExecutionListener@4f32a3ad, org.springframework.boot.test.autoconfigure.SpringBootDependencyInjectionTestExecutionListener@6b695b06, org.springframework.test.context.support.DirtiesContextTestExecutionListener@4d1bf319, org.springframework.test.context.transaction.TransactionalTestExecutionListener@6f53b8a, org.springframework.test.context.jdbc.SqlScriptsTestExecutionListener@5c80cf32, org.springframework.test.context.event.EventPublishingTestExecutionListener@7d900ecf, org.springframework.boot.test.autoconfigure.restdocs.RestDocsTestExecutionListener@6f01b95f, org.springframework.boot.test.autoconfigure.web.client.MockRestServiceServerResetTestExecutionListener@4007f65e, org.springframework.boot.test.autoconfigure.web.servlet.MockMvcPrintOnlyOnFailureTestExecutionListener@1a245833, org.springframework.boot.test.autoconfigure.web.servlet.WebDriverTestExecutionListener@673fdbce, org.springframework.boot.test.autoconfigure.webservices.client.MockWebServiceServerTestExecutionListener@5965d37, org.springframework.boot.test.mock.mockito.ResetMocksTestExecutionListener@7a5ceedd]
21:19:53.987 [main] DEBUG org.springframework.test.context.support.AbstractDirtiesContextTestExecutionListener - Before test class: context [DefaultTestContext@3cce5371 testClass = UserServiceTest, testInstance = [null], testMethod = [null], testException = [null], mergedContextConfiguration = [WebMergedContextConfiguration@17bffc17 testClass = UserServiceTest, locations = '{}', classes = '{class com.wcw.usercenter.UserCenterApplication}', contextInitializerClasses = '[]', activeProfiles = '{}', propertySourceLocations = '{}', propertySourceProperties = '{org.springframework.boot.test.context.SpringBootTestContextBootstrapper=true}', contextCustomizers = set[org.springframework.boot.test.autoconfigure.actuate.metrics.MetricsExportContextCustomizerFactory$DisableMetricExportContextCustomizer@16d04d3d, org.springframework.boot.test.autoconfigure.properties.PropertyMappingContextCustomizer@0, org.springframework.boot.test.autoconfigure.web.servlet.WebDriverContextCustomizerFactory$Customizer@67c27493, org.springframework.boot.test.context.filter.ExcludeFilterContextCustomizer@38d8f54a, org.springframework.boot.test.json.DuplicateJsonObjectContextCustomizerFactory$DuplicateJsonObjectContextCustomizer@35d019a3, org.springframework.boot.test.mock.mockito.MockitoContextCustomizer@0, org.springframework.boot.test.web.client.TestRestTemplateContextCustomizer@3270d194, org.springframework.boot.test.context.SpringBootTestArgs@1, org.springframework.boot.test.context.SpringBootTestWebEnvironment@46d56d67], resourceBasePath = 'src/main/webapp', contextLoader = 'org.springframework.boot.test.context.SpringBootContextLoader', parent = [null]], attributes = map['org.springframework.test.context.web.ServletTestExecutionListener.activateListener' -> true]], class annotated with @DirtiesContext [false] with mode [null].

  .   ____          _            __ _ _
 /\\ / ___'_ __ _ _(_)_ __  __ _ \ \ \ \
( ( )\___ | '_ | '_| | '_ \/ _` | \ \ \ \
 \\/  ___)| |_)| | | | | || (_| |  ) ) ) )
  '  |____| .__|_| |_|_| |_\__, | / / / /
 =========|_|==============|___/=/_/_/_/
 :: Spring Boot ::                (v2.7.5)

2023-10-28 21:19:54.409  INFO 32440 --- [           main] c.w.usercenter.service.UserServiceTest   : Starting UserServiceTest using Java 1.8.0_161 on LAPTOP-23MH2KVO with PID 32440 (started by wcw in D:\用户中心\user-center)
2023-10-28 21:19:54.441  INFO 32440 --- [           main] c.w.usercenter.service.UserServiceTest   : No active profile set, falling back to 1 default profile: "default"
 _ _   |_  _ _|_. ___ _ |    _ 
| | |\/|_)(_| | |_\  |_)||_|_\ 
     /               |         
                        3.5.1 
2023-10-28 21:19:58.370  INFO 32440 --- [           main] c.w.usercenter.service.UserServiceTest   : Started UserServiceTest in 4.316 seconds (JVM running for 5.54)
]]></system-out>
    <system-err><![CDATA[Loading class `com.mysql.jdbc.Driver'. This is deprecated. The new driver class is `com.mysql.cj.jdbc.Driver'. The driver is automatically registered via the SPI and manual loading of the driver class is generally unnecessary.
]]></system-err>
  </testcase>
</testsuite>